<?xml version="1.0" encoding="UTF-8"?>
<testng-results ignored="0" total="1" passed="1" failed="0" skipped="0">
  <reporter-output>
  </reporter-output>
  <suite started-at="2024-07-27T16:09:31 IST" name="Default suite" finished-at="2024-07-27T16:09:38 IST" duration-ms="7355">
    <groups>
    </groups>
    <test started-at="2024-07-27T16:09:31 IST" name="Default test" finished-at="2024-07-27T16:09:38 IST" duration-ms="7355">
      <class name="gravityEng.CreateUser">
        <test-method signature="testCreateNewUser()[pri:0, instance:gravityEng.CreateUser@3a93b025]" started-at="2024-07-27T16:09:31 IST" name="testCreateNewUser" finished-at="2024-07-27T16:09:38 IST" duration-ms="7276" status="PASS">
          <reporter-output>
          </reporter-output>
        </test-method> <!-- testCreateNewUser -->
      </class> <!-- gravityEng.CreateUser -->
    </test> <!-- Default test -->
  </suite> <!-- Default suite -->
</testng-results>
